#
# There is insufficient memory for the Java Runtime Environment to continue.
# Native memory allocation (mmap) failed to map 134217728 bytes for G1 virtual space
# Possible reasons:
#   The system is out of physical RAM or swap space
#   The process is running with CompressedOops enabled, and the Java Heap may be blocking the growth of the native heap
# Possible solutions:
#   Reduce memory load on the system
#   Increase physical memory or swap space
#   Check if swap backing store is full
#   Decrease Java heap size (-Xmx/-Xms)
#   Decrease number of Java threads
#   Decrease Java thread stack sizes (-Xss)
#   Set larger code cache with -XX:ReservedCodeCacheSize=
#   JVM is running with Unscaled Compressed Oops mode in which the Java heap is
#     placed in the first 4GB address space. The Java Heap base address is the
#     maximum limit for the native heap growth. Please use -XX:HeapBaseMinAddress
#     to set the Java Heap base and to place the Java Heap above 4GB virtual address.
# This output file may be truncated or incomplete.
#
#  Out of Memory Error (os_windows.cpp:3532), pid=11576, tid=5700
#
# JRE version:  (17.0.2+8) (build )
# Java VM: Java HotSpot(TM) 64-Bit Server VM (17.0.2+8-LTS-86, mixed mode, sharing, tiered, compressed oops, compressed class ptrs, g1 gc, windows-amd64)
# No core dump will be written. Minidumps are not enabled by default on client versions of Windows
#

---------------  S U M M A R Y ------------

Command Line: -agentlib:jdwp=transport=dt_socket,server=n,suspend=y,address=127.0.0.1:49729 -Dfile.encoding=windows-1251 -Duser.country=RU -Duser.language=ru -Duser.variant uz.mohirdev.lesson.MohirdevApplication

Host: Intel(R) Core(TM) i7-3630QM CPU @ 2.40GHz, 8 cores, 7G,  Windows 10 , 64 bit Build 14393 (10.0.14393.4651)
Time: Sun May  8 16:12:04 2022 Западная Азия (зима) elapsed time: 0.117006 seconds (0d 0h 0m 0s)

---------------  T H R E A D  ---------------

Current thread (0x0000023156246060):  JavaThread "Unknown thread" [_thread_in_vm, id=5700, stack(0x0000007350900000,0x0000007350a00000)]

Stack: [0x0000007350900000,0x0000007350a00000]
Native frames: (J=compiled Java code, j=interpreted, Vv=VM code, C=native code)
V  [jvm.dll+0x670baa]
V  [jvm.dll+0x7cfcb4]
V  [jvm.dll+0x7d145e]
V  [jvm.dll+0x7d1ac3]
V  [jvm.dll+0x242bc5]
V  [jvm.dll+0x66dac9]
V  [jvm.dll+0x662412]
V  [jvm.dll+0x300c0b]
V  [jvm.dll+0x3081a6]
V  [jvm.dll+0x357d0e]
V  [jvm.dll+0x357f3f]
V  [jvm.dll+0x2d7ec8]
V  [jvm.dll+0x2d8e34]
V  [jvm.dll+0x7a18c1]
V  [jvm.dll+0x365a91]
V  [jvm.dll+0x780d2c]
V  [jvm.dll+0x3e845f]
V  [jvm.dll+0x3e9f01]
C  [jli.dll+0x527b]
C  [ucrtbase.dll+0x1fb80]
C  [KERNEL32.DLL+0x84d4]
C  [ntdll.dll+0x51791]


---------------  P R O C E S S  ---------------

Threads class SMR info:
_java_thread_list=0x00007ffca2ad9858, length=0, elements={
}

Java Threads: ( => current thread )

Other Threads:
  0x0000023156285db0 GCTaskThread "GC Thread#0" [stack: 0x0000007350a00000,0x0000007350b00000] [id=5188]
  0x0000023156296970 ConcurrentGCThread "G1 Main Marker" [stack: 0x0000007350b00000,0x0000007350c00000] [id=5532]
  0x0000023156298f50 ConcurrentGCThread "G1 Conc#0" [stack: 0x0000007350c00000,0x0000007350d00000] [id=2768]

[error occurred during error reporting (printing all threads), id 0xc0000005, EXCEPTION_ACCESS_VIOLATION (0xc0000005) at pc=0x00007ffca23288a7]

VM state: not at safepoint (not fully initialized)

VM Mutex/Monitor currently owned by a thread:  ([mutex/lock_event])
[0x0000023156242400] Heap_lock - owner thread: 0x0000023156246060

Heap address: 0x0000000081c00000, size: 2020 MB, Compressed Oops mode: 32-bit

CDS archive(s) mapped at: [0x0000000000000000-0x0000000000000000-0x0000000000000000), size 0, SharedBaseAddress: 0x0000000800000000, ArchiveRelocationMode: 0.
Narrow klass base: 0x0000000000000000, Narrow klass shift: 0, Narrow klass range: 0x0

GC Precious Log:
<Empty>

Heap:
 garbage-first heap   total 0K, used 0K [0x0000000081c00000, 0x0000000100000000)
  region size 1024K, 0 young (0K), 0 survivors (0K)

[error occurred during error reporting (printing heap information), id 0xc0000005, EXCEPTION_ACCESS_VIOLATION (0xc0000005) at pc=0x00007ffca2709f19]

GC Heap History (0 events):
No events

Deoptimization events (0 events):
No events

Classes unloaded (0 events):
No events

Classes redefined (0 events):
No events

Internal exceptions (0 events):
No events

VM Operations (0 events):
No events

Events (1 events):
Event: 0.005 Loaded shared library C:\Program Files\Java\jdk-17.0.2\bin\java.dll


Dynamic libraries:
0x00007ff72a610000 - 0x00007ff72a620000 	C:\Program Files\Java\jdk-17.0.2\bin\java.exe
0x00007ffce30f0000 - 0x00007ffce32bf000 	C:\Windows\SYSTEM32\ntdll.dll
0x00007ffce0690000 - 0x00007ffce073d000 	C:\Windows\System32\KERNEL32.DLL
0x00007ffcdfca0000 - 0x00007ffcdfebe000 	C:\Windows\System32\KERNELBASE.dll
0x00007ffce00d0000 - 0x00007ffce01c4000 	C:\Windows\System32\ucrtbase.dll
0x00007ffcd5d90000 - 0x00007ffcd5da8000 	C:\Program Files\Java\jdk-17.0.2\bin\jli.dll
0x00007ffcd1b00000 - 0x00007ffcd1b1a000 	C:\Program Files\Java\jdk-17.0.2\bin\VCRUNTIME140.dll
0x00007ffce1850000 - 0x00007ffce18f2000 	C:\Windows\System32\ADVAPI32.dll
0x00007ffce0e10000 - 0x00007ffce0eae000 	C:\Windows\System32\msvcrt.dll
0x00007ffce2f50000 - 0x00007ffce2fa9000 	C:\Windows\System32\sechost.dll
0x00007ffce2fb0000 - 0x00007ffce30cf000 	C:\Windows\System32\RPCRT4.dll
0x00007ffce0b30000 - 0x00007ffce0c96000 	C:\Windows\System32\USER32.dll
0x00007ffce0670000 - 0x00007ffce068e000 	C:\Windows\System32\win32u.dll
0x00007ffce0810000 - 0x00007ffce0844000 	C:\Windows\System32\GDI32.dll
0x00007ffcd34d0000 - 0x00007ffcd374a000 	C:\Windows\WinSxS\amd64_microsoft.windows.common-controls_6595b64144ccf1df_6.0.14393.4169_none_7de0bbf28341b1f2\COMCTL32.dll
0x00007ffce04e0000 - 0x00007ffce0664000 	C:\Windows\System32\gdi32full.dll
0x00007ffce0850000 - 0x00007ffce0b16000 	C:\Windows\System32\combase.dll
0x00007ffcdff10000 - 0x00007ffcdff7c000 	C:\Windows\System32\bcryptPrimitives.dll
0x00007ffcdb7d0000 - 0x00007ffcdb7da000 	C:\Windows\SYSTEM32\VERSION.dll
0x00007ffce1820000 - 0x00007ffce184e000 	C:\Windows\System32\IMM32.DLL
0x00007ffcdd380000 - 0x00007ffcdd38c000 	C:\Program Files\Java\jdk-17.0.2\bin\vcruntime140_1.dll
0x00007ffcbde50000 - 0x00007ffcbdedd000 	C:\Program Files\Java\jdk-17.0.2\bin\msvcp140.dll
0x00007ffca2040000 - 0x00007ffca2c01000 	C:\Program Files\Java\jdk-17.0.2\bin\server\jvm.dll
0x00007ffce0b20000 - 0x00007ffce0b28000 	C:\Windows\System32\PSAPI.DLL
0x00007ffccb7c0000 - 0x00007ffccb7c9000 	C:\Windows\SYSTEM32\WSOCK32.dll
0x00007ffcdd970000 - 0x00007ffcdd993000 	C:\Windows\SYSTEM32\WINMM.dll
0x00007ffce0ca0000 - 0x00007ffce0d0a000 	C:\Windows\System32\WS2_32.dll
0x00000231559e0000 - 0x0000023155a0b000 	C:\Windows\SYSTEM32\WINMMBASE.dll
0x00007ffcdfec0000 - 0x00007ffcdff02000 	C:\Windows\System32\cfgmgr32.dll
0x00007ffcdf550000 - 0x00007ffcdf55f000 	C:\Windows\System32\kernel.appcore.dll
0x00007ffcd2050000 - 0x00007ffcd205a000 	C:\Program Files\Java\jdk-17.0.2\bin\jimage.dll
0x00007ffcda460000 - 0x00007ffcda5f2000 	C:\Windows\SYSTEM32\DBGHELP.DLL
0x00007ffcda2c0000 - 0x00007ffcda2e9000 	C:\Windows\SYSTEM32\dbgcore.DLL
0x00007ffcc3080000 - 0x00007ffcc30bb000 	C:\Program Files\Java\jdk-17.0.2\bin\jdwp.dll
0x00007ffcc5fd0000 - 0x00007ffcc5ff5000 	C:\Program Files\Java\jdk-17.0.2\bin\java.dll

dbghelp: loaded successfully - version: 4.0.5 - missing functions: none
symbol engine: initialized successfully - sym options: 0x614 - pdb path: .;C:\Program Files\Java\jdk-17.0.2\bin;C:\Windows\SYSTEM32;C:\Windows\WinSxS\amd64_microsoft.windows.common-controls_6595b64144ccf1df_6.0.14393.4169_none_7de0bbf28341b1f2;C:\Program Files\Java\jdk-17.0.2\bin\server

VM Arguments:
jvm_args: -agentlib:jdwp=transport=dt_socket,server=n,suspend=y,address=127.0.0.1:49729 -Dfile.encoding=windows-1251 -Duser.country=RU -Duser.language=ru -Duser.variant 
java_command: uz.mohirdev.lesson.MohirdevApplication
java_class_path (initial): F:\WEB\VIDEODARSLAR\Full Fill academy\GITHUB ga yuklanganlar\JavaSpringBootdan loyihalarim\java-firstpro\mohirdev\build\classes\java\main;F:\WEB\VIDEODARSLAR\Full Fill academy\GITHUB ga yuklanganlar\JavaSpringBootdan loyihalarim\java-firstpro\mohirdev\build\resources\main;C:\Users\Asus\.gradle\caches\modules-2\files-2.1\org.springframework.boot\spring-boot-starter-web\2.6.5\2fe510ed31c08e65265451a407607fe53666df0a\spring-boot-starter-web-2.6.5.jar;C:\Users\Asus\.gradle\caches\modules-2\files-2.1\org.springframework.boot\spring-boot-starter-data-jpa\2.6.5\8021867a0f7369de293dd15f6141aff375f8f736\spring-boot-starter-data-jpa-2.6.5.jar;C:\Users\Asus\.gradle\caches\modules-2\files-2.1\org.hibernate.validator\hibernate-validator\6.2.3.Final\ea4545d1a97b27bada5f2e3f74c6172e641ecf39\hibernate-validator-6.2.3.Final.jar;C:\Users\Asus\.gradle\caches\modules-2\files-2.1\org.hashids\hashids\1.0.3\3ee66bd8b466a2d3e4ae42a636421f367b12e1c4\hashids-1.0.3.jar;C:\Users\Asus\.gradle\caches\modules-2\files-2.1\org.postgresql\postgresql\42.3.3\6f639af368afda4c5a3e77a6299262c501e67076\postgresql-42.3.3.jar;C:\Users\Asus\.gradle\caches\modules-2\files-2.1\org.springframework.boot\spring-boot-starter-json\2.6.5\aadda8a6dd94ba4c281877ebde276b8e7c6a9700\spring-boot-starter-json-2.6.5.jar;C:\Users\Asus\.gradle\caches\modules-2\files-2.1\org.springframework.boot\spring-boot-starter-aop\2.6.5\51278e3bde343e53e4ebd7bab3083cfc5af565cb\spring-boot-starter-aop-2.6.5.jar;C:\Users\Asus\.gradle\caches\modules-2\files-2.1\org.springframework.boot\spring-boot-starter-jdbc\2.6.5\6117f80dec65b70ee4fdd631d5fe28c4832de80e\spring-boot-starter-jdbc-2.6.5.jar;C:\Users\Asus\.gradle\caches\modules-2\files-2.1\org.springframework.boot\spring-boot-starter\2.6.5\26a7cd427b33d44d1166097ad31cd49880efe695\spring-boot-starter-2.6.5.jar;C:\Users\Asus\.gradle\caches\modules-2\files-2.1\org.springframework.boot\spring-boot-starter-tomcat\2.6.5\912894b73814637c077cde8a06312e3abde3382f\spring-bo
Launcher Type: SUN_STANDARD

[Global flags]
     intx CICompilerCount                          = 4                                         {product} {ergonomic}
     uint ConcGCThreads                            = 2                                         {product} {ergonomic}
     uint G1ConcRefinementThreads                  = 8                                         {product} {ergonomic}
   size_t G1HeapRegionSize                         = 1048576                                   {product} {ergonomic}
    uintx GCDrainStackTargetSize                   = 64                                        {product} {ergonomic}
   size_t InitialHeapSize                          = 134217728                                 {product} {ergonomic}
   size_t MarkStackSize                            = 4194304                                   {product} {ergonomic}
   size_t MaxHeapSize                              = 2118123520                                {product} {ergonomic}
   size_t MinHeapDeltaBytes                        = 1048576                                   {product} {ergonomic}
   size_t MinHeapSize                              = 8388608                                   {product} {ergonomic}
    uintx NonNMethodCodeHeapSize                   = 5839372                                {pd product} {ergonomic}
    uintx NonProfiledCodeHeapSize                  = 122909434                              {pd product} {ergonomic}
    uintx ProfiledCodeHeapSize                     = 122909434                              {pd product} {ergonomic}
    uintx ReservedCodeCacheSize                    = 251658240                              {pd product} {ergonomic}
     bool SegmentedCodeCache                       = true                                      {product} {ergonomic}
   size_t SoftMaxHeapSize                          = 2118123520                             {manageable} {ergonomic}
     bool UseCompressedClassPointers               = true                           {product lp64_product} {ergonomic}
     bool UseCompressedOops                        = true                           {product lp64_product} {ergonomic}
     bool UseG1GC                                  = true                                      {product} {ergonomic}
     bool UseLargePagesIndividualAllocation        = false                                  {pd product} {ergonomic}

Logging:
Log output configuration:
 #0: stdout all=warning uptime,level,tags
 #1: stderr all=off uptime,level,tags

Environment Variables:
JAVA_HOME=c:\Program Files\Java\jdk-17.0.2\
PATH=C:\Program Files\Common Files\Oracle\Java\javapath;C:\Python39\Scripts\;C:\Python39\;C:\Program Files (x86)\Common Files\Oracle\Java\javapath;C:\Windows\system32;C:\Windows;C:\Windows\System32\Wbem;C:\Windows\System32\WindowsPowerShell\v1.0\;C:\Program Files (x86)\NVIDIA Corporation\PhysX\Common;C:\Program Files\dotnet\;C:\Program Files (x86)\Git\cmd;C:\Program Files\gettext-iconv\bin;C:\Program Files\nodejs\;C:\ProgramData\chocolatey\bin;C:\Program Files\PuTTY\;c:\Program Files\Java\jdk-17.0.2\\bin;C:\Users\Asus\AppData\Local\Programs\Python\Python38-32\Scripts\;C:\Users\Asus\AppData\Local\Programs\Python\Python38-32\;C:\Users\Asus\AppData\Local\Microsoft\WindowsApps;C:\Program Files\JetBrains\PyCharm Community Edition 2020.1.3\bin;;C:\Program Files\heroku\bin;C:\Users\Asus\AppData\Local\Programs\Microsoft VS Code\bin;C:\Users\Asus\.dotnet\tools;C:\Users\Asus\AppData\Local\GitHubDesktop\bin;C:\Program Files\JetBrains\PyCharm 2021.1.2\bin;;C:\Users\Asus\AppData\Roaming\npm
USERNAME=Asus
OS=Windows_NT
PROCESSOR_IDENTIFIER=Intel64 Family 6 Model 58 Stepping 9, GenuineIntel



---------------  S Y S T E M  ---------------

OS:
 Windows 10 , 64 bit Build 14393 (10.0.14393.4651)
OS uptime: 9 days 19:49 hours

CPU: total 8 (initial active 8) (4 cores per cpu, 2 threads per core) family 6 model 58 stepping 9 microcode 0x21, cx8, cmov, fxsr, ht, mmx, sse, sse2, sse3, ssse3, sse4.1, sse4.2, popcnt, tsc, tscinvbit, avx, aes, erms, clmul, vzeroupper, clflush

Memory: 4k page, system-wide physical 8077M (1233M free)
TotalPageFile size 10206M (AvailPageFile size 60M)
current process WorkingSet (physical memory assigned to process): 10M, peak: 10M
current process commit charge ("private bytes"): 60M, peak: 188M

vm_info: Java HotSpot(TM) 64-Bit Server VM (17.0.2+8-LTS-86) for windows-amd64 JRE (17.0.2+8-LTS-86), built on Dec  7 2021 21:51:03 by "mach5one" with MS VC++ 16.8 / 16.9 (VS2019)

END.
